{"message":"expected unit struct, unit variant or constant, found tuple variant `AnsiiChunk::Text`","code":{"code":"E0532","explanation":"Pattern arm did not match expected kind.\n\nErroneous code example:\n\n```compile_fail,E0532\nenum State {\n    Succeeded,\n    Failed(String),\n}\n\nfn print_on_failure(state: &State) {\n    match *state {\n        // error: expected unit struct, unit variant or constant, found tuple\n        //        variant `State::Failed`\n        State::Failed => println!(\"Failed\"),\n        _ => ()\n    }\n}\n```\n\nTo fix this error, ensure the match arm kind is the same as the expression\nmatched.\n\nFixed example:\n\n```\nenum State {\n    Succeeded,\n    Failed(String),\n}\n\nfn print_on_failure(state: &State) {\n    match *state {\n        State::Failed(ref msg) => println!(\"Failed with {}\", msg),\n        _ => ()\n    }\n}\n```\n"},"level":"error","spans":[{"file_name":"src\\main.rs","byte_start":963,"byte_end":983,"line_start":35,"line_end":35,"column_start":5,"column_end":25,"is_primary":false,"text":[{"text":"    Text(String,RGB,RGB),","highlight_start":5,"highlight_end":25}],"label":"`AnsiiChunk::Text` defined here","suggested_replacement":null,"suggestion_applicability":null,"expansion":null},{"file_name":"src\\main.rs","byte_start":1088,"byte_end":1104,"line_start":42,"line_end":42,"column_start":13,"column_end":29,"is_primary":true,"text":[{"text":"            AnsiiChunk::Text => {","highlight_start":13,"highlight_end":29}],"label":null,"suggested_replacement":null,"suggestion_applicability":null,"expansion":null}],"children":[{"message":"use the tuple variant pattern syntax instead","code":null,"level":"help","spans":[{"file_name":"src\\main.rs","byte_start":1088,"byte_end":1104,"line_start":42,"line_end":42,"column_start":13,"column_end":29,"is_primary":true,"text":[{"text":"            AnsiiChunk::Text => {","highlight_start":13,"highlight_end":29}],"label":null,"suggested_replacement":"AnsiiChunk::Text(_, _, _)","suggestion_applicability":"HasPlaceholders","expansion":null}],"children":[],"rendered":null}],"rendered":"\u001b[0m\u001b[1m\u001b[38;5;9merror[E0532]\u001b[0m\u001b[0m\u001b[1m\u001b[38;5;15m: expected unit struct, unit variant or constant, found tuple variant `AnsiiChunk::Text`\u001b[0m\n\u001b[0m  \u001b[0m\u001b[0m\u001b[1m\u001b[38;5;14m--> \u001b[0m\u001b[0msrc\\main.rs:42:13\u001b[0m\n\u001b[0m   \u001b[0m\u001b[0m\u001b[1m\u001b[38;5;14m|\u001b[0m\n\u001b[0m\u001b[1m\u001b[38;5;14m35\u001b[0m\u001b[0m \u001b[0m\u001b[0m\u001b[1m\u001b[38;5;14m|\u001b[0m\u001b[0m \u001b[0m\u001b[0m    Text(String,RGB,RGB),\u001b[0m\n\u001b[0m   \u001b[0m\u001b[0m\u001b[1m\u001b[38;5;14m| \u001b[0m\u001b[0m    \u001b[0m\u001b[0m\u001b[1m\u001b[38;5;14m--------------------\u001b[0m\u001b[0m \u001b[0m\u001b[0m\u001b[1m\u001b[38;5;14m`AnsiiChunk::Text` defined here\u001b[0m\n\u001b[0m\u001b[1m\u001b[38;5;14m...\u001b[0m\n\u001b[0m\u001b[1m\u001b[38;5;14m42\u001b[0m\u001b[0m \u001b[0m\u001b[0m\u001b[1m\u001b[38;5;14m|\u001b[0m\u001b[0m \u001b[0m\u001b[0m            AnsiiChunk::Text => {\u001b[0m\n\u001b[0m   \u001b[0m\u001b[0m\u001b[1m\u001b[38;5;14m| \u001b[0m\u001b[0m            \u001b[0m\u001b[0m\u001b[1m\u001b[38;5;9m^^^^^^^^^^^^^^^^\u001b[0m\u001b[0m \u001b[0m\u001b[0m\u001b[1m\u001b[38;5;9mhelp: use the tuple variant pattern syntax instead: `AnsiiChunk::Text(_, _, _)`\u001b[0m\n\n"}
{"message":"cannot find value `red` in this scope","code":{"code":"E0425","explanation":"An unresolved name was used.\n\nErroneous code examples:\n\n```compile_fail,E0425\nsomething_that_doesnt_exist::foo;\n// error: unresolved name `something_that_doesnt_exist::foo`\n\n// or:\n\ntrait Foo {\n    fn bar() {\n        Self; // error: unresolved name `Self`\n    }\n}\n\n// or:\n\nlet x = unknown_variable;  // error: unresolved name `unknown_variable`\n```\n\nPlease verify that the name wasn't misspelled and ensure that the\nidentifier being referred to is valid for the given situation. Example:\n\n```\nenum something_that_does_exist {\n    Foo,\n}\n```\n\nOr:\n\n```\nmod something_that_does_exist {\n    pub static foo : i32 = 0i32;\n}\n\nsomething_that_does_exist::foo; // ok!\n```\n\nOr:\n\n```\nlet unknown_variable = 12u32;\nlet x = unknown_variable; // ok!\n```\n\nIf the item is not defined in the current module, it must be imported using a\n`use` statement, like so:\n\n```\n# mod foo { pub fn bar() {} }\n# fn main() {\nuse foo::bar;\nbar();\n# }\n```\n\nIf the item you are importing is not defined in some super-module of the\ncurrent module, then it must also be declared as public (e.g., `pub fn`).\n"},"level":"error","spans":[{"file_name":"src\\main.rs","byte_start":1483,"byte_end":1486,"line_start":55,"line_end":55,"column_start":47,"column_end":50,"is_primary":true,"text":[{"text":"        write!(out, \"{}\", format!(\"\\x1b[48;2;{red};{green};{blue}m\"))","highlight_start":47,"highlight_end":50}],"label":"not found in this scope","suggested_replacement":null,"suggestion_applicability":null,"expansion":null}],"children":[],"rendered":"\u001b[0m\u001b[1m\u001b[38;5;9merror[E0425]\u001b[0m\u001b[0m\u001b[1m\u001b[38;5;15m: cannot find value `red` in this scope\u001b[0m\n\u001b[0m  \u001b[0m\u001b[0m\u001b[1m\u001b[38;5;14m--> \u001b[0m\u001b[0msrc\\main.rs:55:47\u001b[0m\n\u001b[0m   \u001b[0m\u001b[0m\u001b[1m\u001b[38;5;14m|\u001b[0m\n\u001b[0m\u001b[1m\u001b[38;5;14m55\u001b[0m\u001b[0m \u001b[0m\u001b[0m\u001b[1m\u001b[38;5;14m|\u001b[0m\u001b[0m \u001b[0m\u001b[0m        write!(out, \"{}\", format!(\"\\x1b[48;2;{red};{green};{blue}m\"))\u001b[0m\n\u001b[0m   \u001b[0m\u001b[0m\u001b[1m\u001b[38;5;14m| \u001b[0m\u001b[0m                                              \u001b[0m\u001b[0m\u001b[1m\u001b[38;5;9m^^^\u001b[0m\u001b[0m \u001b[0m\u001b[0m\u001b[1m\u001b[38;5;9mnot found in this scope\u001b[0m\n\n"}
{"message":"cannot find value `green` in this scope","code":{"code":"E0425","explanation":"An unresolved name was used.\n\nErroneous code examples:\n\n```compile_fail,E0425\nsomething_that_doesnt_exist::foo;\n// error: unresolved name `something_that_doesnt_exist::foo`\n\n// or:\n\ntrait Foo {\n    fn bar() {\n        Self; // error: unresolved name `Self`\n    }\n}\n\n// or:\n\nlet x = unknown_variable;  // error: unresolved name `unknown_variable`\n```\n\nPlease verify that the name wasn't misspelled and ensure that the\nidentifier being referred to is valid for the given situation. Example:\n\n```\nenum something_that_does_exist {\n    Foo,\n}\n```\n\nOr:\n\n```\nmod something_that_does_exist {\n    pub static foo : i32 = 0i32;\n}\n\nsomething_that_does_exist::foo; // ok!\n```\n\nOr:\n\n```\nlet unknown_variable = 12u32;\nlet x = unknown_variable; // ok!\n```\n\nIf the item is not defined in the current module, it must be imported using a\n`use` statement, like so:\n\n```\n# mod foo { pub fn bar() {} }\n# fn main() {\nuse foo::bar;\nbar();\n# }\n```\n\nIf the item you are importing is not defined in some super-module of the\ncurrent module, then it must also be declared as public (e.g., `pub fn`).\n"},"level":"error","spans":[{"file_name":"src\\main.rs","byte_start":1489,"byte_end":1494,"line_start":55,"line_end":55,"column_start":53,"column_end":58,"is_primary":true,"text":[{"text":"        write!(out, \"{}\", format!(\"\\x1b[48;2;{red};{green};{blue}m\"))","highlight_start":53,"highlight_end":58}],"label":"not found in this scope","suggested_replacement":null,"suggestion_applicability":null,"expansion":null}],"children":[],"rendered":"\u001b[0m\u001b[1m\u001b[38;5;9merror[E0425]\u001b[0m\u001b[0m\u001b[1m\u001b[38;5;15m: cannot find value `green` in this scope\u001b[0m\n\u001b[0m  \u001b[0m\u001b[0m\u001b[1m\u001b[38;5;14m--> \u001b[0m\u001b[0msrc\\main.rs:55:53\u001b[0m\n\u001b[0m   \u001b[0m\u001b[0m\u001b[1m\u001b[38;5;14m|\u001b[0m\n\u001b[0m\u001b[1m\u001b[38;5;14m55\u001b[0m\u001b[0m \u001b[0m\u001b[0m\u001b[1m\u001b[38;5;14m|\u001b[0m\u001b[0m \u001b[0m\u001b[0m        write!(out, \"{}\", format!(\"\\x1b[48;2;{red};{green};{blue}m\"))\u001b[0m\n\u001b[0m   \u001b[0m\u001b[0m\u001b[1m\u001b[38;5;14m| \u001b[0m\u001b[0m                                                    \u001b[0m\u001b[0m\u001b[1m\u001b[38;5;9m^^^^^\u001b[0m\u001b[0m \u001b[0m\u001b[0m\u001b[1m\u001b[38;5;9mnot found in this scope\u001b[0m\n\n"}
{"message":"cannot find value `blue` in this scope","code":{"code":"E0425","explanation":"An unresolved name was used.\n\nErroneous code examples:\n\n```compile_fail,E0425\nsomething_that_doesnt_exist::foo;\n// error: unresolved name `something_that_doesnt_exist::foo`\n\n// or:\n\ntrait Foo {\n    fn bar() {\n        Self; // error: unresolved name `Self`\n    }\n}\n\n// or:\n\nlet x = unknown_variable;  // error: unresolved name `unknown_variable`\n```\n\nPlease verify that the name wasn't misspelled and ensure that the\nidentifier being referred to is valid for the given situation. Example:\n\n```\nenum something_that_does_exist {\n    Foo,\n}\n```\n\nOr:\n\n```\nmod something_that_does_exist {\n    pub static foo : i32 = 0i32;\n}\n\nsomething_that_does_exist::foo; // ok!\n```\n\nOr:\n\n```\nlet unknown_variable = 12u32;\nlet x = unknown_variable; // ok!\n```\n\nIf the item is not defined in the current module, it must be imported using a\n`use` statement, like so:\n\n```\n# mod foo { pub fn bar() {} }\n# fn main() {\nuse foo::bar;\nbar();\n# }\n```\n\nIf the item you are importing is not defined in some super-module of the\ncurrent module, then it must also be declared as public (e.g., `pub fn`).\n"},"level":"error","spans":[{"file_name":"src\\main.rs","byte_start":1497,"byte_end":1501,"line_start":55,"line_end":55,"column_start":61,"column_end":65,"is_primary":true,"text":[{"text":"        write!(out, \"{}\", format!(\"\\x1b[48;2;{red};{green};{blue}m\"))","highlight_start":61,"highlight_end":65}],"label":"not found in this scope","suggested_replacement":null,"suggestion_applicability":null,"expansion":null}],"children":[],"rendered":"\u001b[0m\u001b[1m\u001b[38;5;9merror[E0425]\u001b[0m\u001b[0m\u001b[1m\u001b[38;5;15m: cannot find value `blue` in this scope\u001b[0m\n\u001b[0m  \u001b[0m\u001b[0m\u001b[1m\u001b[38;5;14m--> \u001b[0m\u001b[0msrc\\main.rs:55:61\u001b[0m\n\u001b[0m   \u001b[0m\u001b[0m\u001b[1m\u001b[38;5;14m|\u001b[0m\n\u001b[0m\u001b[1m\u001b[38;5;14m55\u001b[0m\u001b[0m \u001b[0m\u001b[0m\u001b[1m\u001b[38;5;14m|\u001b[0m\u001b[0m \u001b[0m\u001b[0m        write!(out, \"{}\", format!(\"\\x1b[48;2;{red};{green};{blue}m\"))\u001b[0m\n\u001b[0m   \u001b[0m\u001b[0m\u001b[1m\u001b[38;5;14m| \u001b[0m\u001b[0m                                                            \u001b[0m\u001b[0m\u001b[1m\u001b[38;5;9m^^^^\u001b[0m\u001b[0m \u001b[0m\u001b[0m\u001b[1m\u001b[38;5;9mnot found in this scope\u001b[0m\n\n"}
{"message":"mismatched types","code":{"code":"E0308","explanation":"Expected type did not match the received type.\n\nErroneous code examples:\n\n```compile_fail,E0308\nfn plus_one(x: i32) -> i32 {\n    x + 1\n}\n\nplus_one(\"Not a number\");\n//       ^^^^^^^^^^^^^^ expected `i32`, found `&str`\n\nif \"Not a bool\" {\n// ^^^^^^^^^^^^ expected `bool`, found `&str`\n}\n\nlet x: f32 = \"Not a float\";\n//     ---   ^^^^^^^^^^^^^ expected `f32`, found `&str`\n//     |\n//     expected due to this\n```\n\nThis error occurs when an expression was used in a place where the compiler\nexpected an expression of a different type. It can occur in several cases, the\nmost common being when calling a function and passing an argument which has a\ndifferent type than the matching type in the function declaration.\n"},"level":"error","spans":[{"file_name":"src\\main.rs","byte_start":1126,"byte_end":1130,"line_start":43,"line_end":43,"column_start":17,"column_end":21,"is_primary":true,"text":[{"text":"                self","highlight_start":17,"highlight_end":21}],"label":"expected `usize`, found `&AnsiiChunk`","suggested_replacement":null,"suggestion_applicability":null,"expansion":null},{"file_name":"src\\main.rs","byte_start":1047,"byte_end":1052,"line_start":40,"line_end":40,"column_start":22,"column_end":27,"is_primary":false,"text":[{"text":"    fn len(&self) -> usize {","highlight_start":22,"highlight_end":27}],"label":"expected `usize` because of return type","suggested_replacement":null,"suggestion_applicability":null,"expansion":null}],"children":[],"rendered":"\u001b[0m\u001b[1m\u001b[38;5;9merror[E0308]\u001b[0m\u001b[0m\u001b[1m\u001b[38;5;15m: mismatched types\u001b[0m\n\u001b[0m  \u001b[0m\u001b[0m\u001b[1m\u001b[38;5;14m--> \u001b[0m\u001b[0msrc\\main.rs:43:17\u001b[0m\n\u001b[0m   \u001b[0m\u001b[0m\u001b[1m\u001b[38;5;14m|\u001b[0m\n\u001b[0m\u001b[1m\u001b[38;5;14m40\u001b[0m\u001b[0m \u001b[0m\u001b[0m\u001b[1m\u001b[38;5;14m|\u001b[0m\u001b[0m \u001b[0m\u001b[0m    fn len(&self) -> usize {\u001b[0m\n\u001b[0m   \u001b[0m\u001b[0m\u001b[1m\u001b[38;5;14m| \u001b[0m\u001b[0m                     \u001b[0m\u001b[0m\u001b[1m\u001b[38;5;14m-----\u001b[0m\u001b[0m \u001b[0m\u001b[0m\u001b[1m\u001b[38;5;14mexpected `usize` because of return type\u001b[0m\n\u001b[0m\u001b[1m\u001b[38;5;14m...\u001b[0m\n\u001b[0m\u001b[1m\u001b[38;5;14m43\u001b[0m\u001b[0m \u001b[0m\u001b[0m\u001b[1m\u001b[38;5;14m|\u001b[0m\u001b[0m \u001b[0m\u001b[0m                self\u001b[0m\n\u001b[0m   \u001b[0m\u001b[0m\u001b[1m\u001b[38;5;14m| \u001b[0m\u001b[0m                \u001b[0m\u001b[0m\u001b[1m\u001b[38;5;9m^^^^\u001b[0m\u001b[0m \u001b[0m\u001b[0m\u001b[1m\u001b[38;5;9mexpected `usize`, found `&AnsiiChunk`\u001b[0m\n\n"}
{"message":"mismatched types","code":{"code":"E0308","explanation":"Expected type did not match the received type.\n\nErroneous code examples:\n\n```compile_fail,E0308\nfn plus_one(x: i32) -> i32 {\n    x + 1\n}\n\nplus_one(\"Not a number\");\n//       ^^^^^^^^^^^^^^ expected `i32`, found `&str`\n\nif \"Not a bool\" {\n// ^^^^^^^^^^^^ expected `bool`, found `&str`\n}\n\nlet x: f32 = \"Not a float\";\n//     ---   ^^^^^^^^^^^^^ expected `f32`, found `&str`\n//     |\n//     expected due to this\n```\n\nThis error occurs when an expression was used in a place where the compiler\nexpected an expression of a different type. It can occur in several cases, the\nmost common being when calling a function and passing an argument which has a\ndifferent type than the matching type in the function declaration.\n"},"level":"error","spans":[{"file_name":"src\\main.rs","byte_start":1182,"byte_end":1185,"line_start":47,"line_end":47,"column_start":22,"column_end":25,"is_primary":true,"text":[{"text":"    fn rgb(&self) -> RGB {}","highlight_start":22,"highlight_end":25}],"label":"expected struct `RGB`, found `()`","suggested_replacement":null,"suggestion_applicability":null,"expansion":null},{"file_name":"src\\main.rs","byte_start":1168,"byte_end":1171,"line_start":47,"line_end":47,"column_start":8,"column_end":11,"is_primary":false,"text":[{"text":"    fn rgb(&self) -> RGB {}","highlight_start":8,"highlight_end":11}],"label":"implicitly returns `()` as its body has no tail or `return` expression","suggested_replacement":null,"suggestion_applicability":null,"expansion":null}],"children":[],"rendered":"\u001b[0m\u001b[1m\u001b[38;5;9merror[E0308]\u001b[0m\u001b[0m\u001b[1m\u001b[38;5;15m: mismatched types\u001b[0m\n\u001b[0m  \u001b[0m\u001b[0m\u001b[1m\u001b[38;5;14m--> \u001b[0m\u001b[0msrc\\main.rs:47:22\u001b[0m\n\u001b[0m   \u001b[0m\u001b[0m\u001b[1m\u001b[38;5;14m|\u001b[0m\n\u001b[0m\u001b[1m\u001b[38;5;14m47\u001b[0m\u001b[0m \u001b[0m\u001b[0m\u001b[1m\u001b[38;5;14m|\u001b[0m\u001b[0m \u001b[0m\u001b[0m    fn rgb(&self) -> RGB {}\u001b[0m\n\u001b[0m   \u001b[0m\u001b[0m\u001b[1m\u001b[38;5;14m| \u001b[0m\u001b[0m       \u001b[0m\u001b[0m\u001b[1m\u001b[38;5;14m---\u001b[0m\u001b[0m           \u001b[0m\u001b[0m\u001b[1m\u001b[38;5;9m^^^\u001b[0m\u001b[0m \u001b[0m\u001b[0m\u001b[1m\u001b[38;5;9mexpected struct `RGB`, found `()`\u001b[0m\n\u001b[0m   \u001b[0m\u001b[0m\u001b[1m\u001b[38;5;14m| \u001b[0m\u001b[0m       \u001b[0m\u001b[0m\u001b[1m\u001b[38;5;14m|\u001b[0m\n\u001b[0m   \u001b[0m\u001b[0m\u001b[1m\u001b[38;5;14m| \u001b[0m\u001b[0m       \u001b[0m\u001b[0m\u001b[1m\u001b[38;5;14mimplicitly returns `()` as its body has no tail or `return` expression\u001b[0m\n\n"}
{"message":"`RenderMachineCode` doesn't implement `Debug`","code":{"code":"E0277","explanation":"You tried to use a type which doesn't implement some trait in a place which\nexpected that trait.\n\nErroneous code example:\n\n```compile_fail,E0277\n// here we declare the Foo trait with a bar method\ntrait Foo {\n    fn bar(&self);\n}\n\n// we now declare a function which takes an object implementing the Foo trait\nfn some_func<T: Foo>(foo: T) {\n    foo.bar();\n}\n\nfn main() {\n    // we now call the method with the i32 type, which doesn't implement\n    // the Foo trait\n    some_func(5i32); // error: the trait bound `i32 : Foo` is not satisfied\n}\n```\n\nIn order to fix this error, verify that the type you're using does implement\nthe trait. Example:\n\n```\ntrait Foo {\n    fn bar(&self);\n}\n\n// we implement the trait on the i32 type\nimpl Foo for i32 {\n    fn bar(&self) {}\n}\n\nfn some_func<T: Foo>(foo: T) {\n    foo.bar(); // we can now use this method since i32 implements the\n               // Foo trait\n}\n\nfn main() {\n    some_func(5i32); // ok!\n}\n```\n\nOr in a generic context, an erroneous code example would look like:\n\n```compile_fail,E0277\nfn some_func<T>(foo: T) {\n    println!(\"{:?}\", foo); // error: the trait `core::fmt::Debug` is not\n                           //        implemented for the type `T`\n}\n\nfn main() {\n    // We now call the method with the i32 type,\n    // which *does* implement the Debug trait.\n    some_func(5i32);\n}\n```\n\nNote that the error here is in the definition of the generic function. Although\nwe only call it with a parameter that does implement `Debug`, the compiler\nstill rejects the function. It must work with all possible input types. In\norder to make this example compile, we need to restrict the generic type we're\naccepting:\n\n```\nuse std::fmt;\n\n// Restrict the input type to types that implement Debug.\nfn some_func<T: fmt::Debug>(foo: T) {\n    println!(\"{:?}\", foo);\n}\n\nfn main() {\n    // Calling the method is still fine, as i32 implements Debug.\n    some_func(5i32);\n\n    // This would fail to compile now:\n    // struct WithoutDebug;\n    // some_func(WithoutDebug);\n}\n```\n\nRust only looks at the signature of the called function, as such it must\nalready specify all requirements that will be used for every type parameter.\n"},"level":"error","spans":[{"file_name":"src\\main.rs","byte_start":14109,"byte_end":14116,"line_start":493,"line_end":493,"column_start":21,"column_end":28,"is_primary":true,"text":[{"text":"    println!(\"{:?}\",&render);","highlight_start":21,"highlight_end":28}],"label":"`RenderMachineCode` cannot be formatted using `{:?}`","suggested_replacement":null,"suggestion_applicability":null,"expansion":{"span":{"file_name":"C:\\Users\\Administrator\\.rustup\\toolchains\\nightly-x86_64-pc-windows-msvc\\lib/rustlib/src/rust\\library\\std\\src\\macros.rs","byte_start":4158,"byte_end":4191,"line_start":136,"line_end":136,"column_start":28,"column_end":61,"is_primary":false,"text":[{"text":"        $crate::io::_print($crate::format_args_nl!($($arg)*));","highlight_start":28,"highlight_end":61}],"label":null,"suggested_replacement":null,"suggestion_applicability":null,"expansion":{"span":{"file_name":"src\\main.rs","byte_start":14093,"byte_end":14117,"line_start":493,"line_end":493,"column_start":5,"column_end":29,"is_primary":false,"text":[{"text":"    println!(\"{:?}\",&render);","highlight_start":5,"highlight_end":29}],"label":null,"suggested_replacement":null,"suggestion_applicability":null,"expansion":null},"macro_decl_name":"println!","def_site_span":{"file_name":"C:\\Users\\Administrator\\.rustup\\toolchains\\nightly-x86_64-pc-windows-msvc\\lib/rustlib/src/rust\\library\\std\\src\\macros.rs","byte_start":4036,"byte_end":4056,"line_start":131,"line_end":131,"column_start":1,"column_end":21,"is_primary":false,"text":[{"text":"macro_rules! println {","highlight_start":1,"highlight_end":21}],"label":null,"suggested_replacement":null,"suggestion_applicability":null,"expansion":null}}},"macro_decl_name":"$crate::format_args_nl!","def_site_span":{"file_name":"C:\\Users\\Administrator\\.rustup\\toolchains\\nightly-x86_64-pc-windows-msvc\\lib/rustlib/src/rust\\library\\core\\src\\macros\\mod.rs","byte_start":31129,"byte_end":31156,"line_start":906,"line_end":906,"column_start":5,"column_end":32,"is_primary":false,"text":[{"text":"    macro_rules! format_args_nl {","highlight_start":5,"highlight_end":32}],"label":null,"suggested_replacement":null,"suggestion_applicability":null,"expansion":null}}}],"children":[{"message":"the trait `Debug` is not implemented for `RenderMachineCode`","code":null,"level":"help","spans":[],"children":[],"rendered":null},{"message":"add `#[derive(Debug)]` to `RenderMachineCode` or manually `impl Debug for RenderMachineCode`","code":null,"level":"note","spans":[],"children":[],"rendered":null},{"message":"consider annotating `RenderMachineCode` with `#[derive(Debug)]`","code":null,"level":"help","spans":[{"file_name":"src\\main.rs","byte_start":1192,"byte_end":1192,"line_start":50,"line_end":50,"column_start":1,"column_end":1,"is_primary":true,"text":[{"text":"struct RenderMachineCode(String);","highlight_start":1,"highlight_end":1}],"label":null,"suggested_replacement":"#[derive(Debug)]\n","suggestion_applicability":"MaybeIncorrect","expansion":null}],"children":[],"rendered":null}],"rendered":"\u001b[0m\u001b[1m\u001b[38;5;9merror[E0277]\u001b[0m\u001b[0m\u001b[1m\u001b[38;5;15m: `RenderMachineCode` doesn't implement `Debug`\u001b[0m\n\u001b[0m   \u001b[0m\u001b[0m\u001b[1m\u001b[38;5;14m--> \u001b[0m\u001b[0msrc\\main.rs:493:21\u001b[0m\n\u001b[0m    \u001b[0m\u001b[0m\u001b[1m\u001b[38;5;14m|\u001b[0m\n\u001b[0m\u001b[1m\u001b[38;5;14m493\u001b[0m\u001b[0m \u001b[0m\u001b[0m\u001b[1m\u001b[38;5;14m|\u001b[0m\u001b[0m \u001b[0m\u001b[0m    println!(\"{:?}\",&render);\u001b[0m\n\u001b[0m    \u001b[0m\u001b[0m\u001b[1m\u001b[38;5;14m| \u001b[0m\u001b[0m                    \u001b[0m\u001b[0m\u001b[1m\u001b[38;5;9m^^^^^^^\u001b[0m\u001b[0m \u001b[0m\u001b[0m\u001b[1m\u001b[38;5;9m`RenderMachineCode` cannot be formatted using `{:?}`\u001b[0m\n\u001b[0m    \u001b[0m\u001b[0m\u001b[1m\u001b[38;5;14m|\u001b[0m\n\u001b[0m    \u001b[0m\u001b[0m\u001b[1m\u001b[38;5;14m= \u001b[0m\u001b[0m\u001b[1m\u001b[38;5;15mhelp\u001b[0m\u001b[0m: the trait `Debug` is not implemented for `RenderMachineCode`\u001b[0m\n\u001b[0m    \u001b[0m\u001b[0m\u001b[1m\u001b[38;5;14m= \u001b[0m\u001b[0m\u001b[1m\u001b[38;5;15mnote\u001b[0m\u001b[0m: add `#[derive(Debug)]` to `RenderMachineCode` or manually `impl Debug for RenderMachineCode`\u001b[0m\n\u001b[0m    \u001b[0m\u001b[0m\u001b[1m\u001b[38;5;14m= \u001b[0m\u001b[0m\u001b[1m\u001b[38;5;15mnote\u001b[0m\u001b[0m: this error originates in the macro `$crate::format_args_nl` which comes from the expansion of the macro `println` (in Nightly builds, run with -Z macro-backtrace for more info)\u001b[0m\n\u001b[0m\u001b[1m\u001b[38;5;14mhelp\u001b[0m\u001b[0m: consider annotating `RenderMachineCode` with `#[derive(Debug)]`\u001b[0m\n\u001b[0m    \u001b[0m\u001b[0m\u001b[1m\u001b[38;5;14m|\u001b[0m\n\u001b[0m\u001b[1m\u001b[38;5;14m50\u001b[0m\u001b[0m  \u001b[0m\u001b[0m\u001b[1m\u001b[38;5;14m| \u001b[0m\u001b[0m\u001b[38;5;10m#[derive(Debug)]\u001b[0m\n\u001b[0m    \u001b[0m\u001b[0m\u001b[1m\u001b[38;5;14m|\u001b[0m\n\n"}
{"message":"aborting due to 7 previous errors","code":null,"level":"error","spans":[],"children":[],"rendered":"\u001b[0m\u001b[1m\u001b[38;5;9merror\u001b[0m\u001b[0m\u001b[1m\u001b[38;5;15m: aborting due to 7 previous errors\u001b[0m\n\n"}
{"message":"Some errors have detailed explanations: E0277, E0308, E0425, E0532.","code":null,"level":"failure-note","spans":[],"children":[],"rendered":"\u001b[0m\u001b[1m\u001b[38;5;15mSome errors have detailed explanations: E0277, E0308, E0425, E0532.\u001b[0m\n"}
{"message":"For more information about an error, try `rustc --explain E0277`.","code":null,"level":"failure-note","spans":[],"children":[],"rendered":"\u001b[0m\u001b[1m\u001b[38;5;15mFor more information about an error, try `rustc --explain E0277`.\u001b[0m\n"}
